<?xml version="1.0" encoding="UTF-8"?>
<!-- Generated by org.testng.reporters.JUnitXMLReporter -->
<testsuite hostname="DESKTOP-06OUV9F" ignored="0" name="Verify that valid user able to login into orangeHRM application by uisng valid credentials" tests="2" failures="0" timestamp="22 Oct 2020 03:17:22 GMT" time="22.334" errors="0">
  <testcase name="executeLaunch" time="11.663" classname="com.orangehrm.modules.Launch"/>
  <testcase name="executeLoginwithValidds" time="10.625" classname="com.orangehrm.modules.Login"/>
</testsuite> <!-- Verify that valid user able to login into orangeHRM application by uisng valid credentials -->
