<?xml version="1.0" encoding="UTF-8"?>
<!-- Generated by org.testng.reporters.JUnitXMLReporter -->
<testsuite hostname="DESKTOP-06OUV9F" ignored="1" name="Verify that invalid user not able to login into orangeHRM application by using invalid credentials" tests="2" failures="0" timestamp="19 Nov 2020 03:10:55 GMT" time="53.898" errors="0">
  <testcase name="executeLaunch" time="44.497" classname="com.orangehrm.modules.Launch"/>
  <testcase name="executeLoginwithInvalidds" time="9.203" classname="com.orangehrm.modules.Login"/>
  <testcase name="executeLoginwithValidds" time="0.0" classname="com.orangehrm.modules.Login">
    <ignored/>
  </testcase> <!-- executeLoginwithValidds -->
</testsuite> <!-- Verify that invalid user not able to login into orangeHRM application by using invalid credentials -->
